<?xml version="1.0" encoding="UTF-8"?>
<!-- Generated by org.testng.reporters.JUnitReportReporter -->
<testsuite skipped="0" hostname="Dinesh-PC" name="demokarate.HttpURLConnectionExample" tests="1" failures="0" timestamp="15 Mar 2019 03:03:18 GMT" time="2.045" errors="0">
  <testcase name="RegistrationSuccessful" time="2.045" classname="demokarate.HttpURLConnectionExample"/>
</testsuite> <!-- demokarate.HttpURLConnectionExample -->
